Using pre-set license

 COMMAND LINE ARGUMENTS:
/Applications/Unity/Hub/Editor/2020.3.13f1/Unity.app/Contents/MacOS/Unity
-adb2
-batchMode
-noUpm
-name
AssetImportWorker0
-projectPath
/Users/Mariwa/Game-Programming/Game Programming
-logFile
Logs/AssetImportWorker0.log
-srvPort
49751
Successfully changed project path to: /Users/Mariwa/Game-Programming/Game Programming
/Users/Mariwa/Game-Programming/Game Programming
Using Asset Import Pipeline V2.
Refreshing native plugins compatible for Editor in 66.80 ms, found 2 plugins.
Preloading 0 native plugins for Editor in 0.00 ms.
Initialize engine version: 2020.3.13f1 (71691879b7f5)
[Subsystems] Discovering subsystems at path /Applications/Unity/Hub/Editor/2020.3.13f1/Unity.app/Contents/Resources/UnitySubsystems
[Subsystems] Discovering subsystems at path /Users/Mariwa/Game-Programming/Game Programming/Assets
GfxDevice: creating device client; threaded=0
Renderer: Intel HD Graphics 3000 OpenGL Engine
Vendor:   Intel Inc.
Version:  3.3 INTEL-10.4.14
GLES:     0
 GL_ARB_blend_func_extended GL_ARB_ES2_compatibility GL_ARB_explicit_attrib_location GL_ARB_instanced_arrays GL_ARB_internalformat_query GL_ARB_occlusion_query2 GL_ARB_sampler_objects GL_ARB_separate_shader_objects GL_ARB_shader_bit_encoding GL_ARB_shading_language_include GL_ARB_texture_rgb10_a2ui GL_ARB_texture_storage GL_ARB_texture_swizzle GL_ARB_timer_query GL_ARB_vertex_type_2_10_10_10_rev GL_EXT_debug_label GL_EXT_debug_marker GL_EXT_texture_compression_s3tc GL_EXT_texture_filter_anisotropic GL_EXT_texture_sRGB_decode GL_APPLE_client_storage GL_APPLE_container_object_shareable GL_APPLE_flush_render GL_APPLE_object_purgeable GL_APPLE_rgb_422 GL_APPLE_row_bytes GL_APPLE_texture_range GL_ATI_texture_mirror_once GL_NV_texture_barrier
OPENGL LOG: Creating OpenGL 3.3 graphics device ; Context level  <OpenGL 3.3> ; Context handle -1257584128
Initialize mono
Mono path[0] = '/Applications/Unity/Hub/Editor/2020.3.13f1/Unity.app/Contents/Managed'
Mono path[1] = '/Applications/Unity/Hub/Editor/2020.3.13f1/Unity.app/Contents/MonoBleedingEdge/lib/mono/unityjit'
Mono config path = '/Applications/Unity/Hub/Editor/2020.3.13f1/Unity.app/Contents/MonoBleedingEdge/etc'
Using monoOptions --debugger-agent=transport=dt_socket,embedding=1,server=y,suspend=n,address=127.0.0.1:56557
Begin MonoManager ReloadAssembly
Registering precompiled unity dll's ...
Register platform support module: /Applications/Unity/Hub/Editor/2020.3.13f1/Unity.app/Contents/PlaybackEngines/MacStandaloneSupport/UnityEditor.OSXStandalone.Extensions.dll
Registered in 0.000835 seconds.
Native extension for OSXStandalone target not found
Refreshing native plugins compatible for Editor in 52.80 ms, found 2 plugins.
Preloading 0 native plugins for Editor in 0.00 ms.
Mono: successfully reloaded assembly
- Completed reload, in  2.985 seconds
Platform modules already initialized, skipping
Registering precompiled user dll's ...
Registered in 0.025398 seconds.
Begin MonoManager ReloadAssembly
Native extension for OSXStandalone target not found
Refreshing native plugins compatible for Editor in 0.50 ms, found 2 plugins.
Preloading 0 native plugins for Editor in 0.00 ms.
Mono: successfully reloaded assembly
- Completed reload, in  1.761 seconds
Platform modules already initialized, skipping
========================================================================
Worker process is ready to serve import requests
Launching external process: /Applications/Unity/Hub/Editor/2020.3.13f1/Unity.app/Contents/Tools/UnityShaderCompiler
Launched and connected shader compiler UnityShaderCompiler after 0.10 seconds
Refreshing native plugins compatible for Editor in 0.47 ms, found 2 plugins.
Preloading 0 native plugins for Editor in 0.00 ms.
Unloading 1390 Unused Serialized files (Serialized files now loaded: 0)
System memory in use before: 136.0 MB.
System memory in use after: 136.1 MB.

Unloading 19 unused Assets to reduce memory usage. Loaded Objects now: 1831.
Total: 2.452116 ms (FindLiveObjects: 0.175392 ms CreateObjectMapping: 0.053580 ms MarkObjects: 2.103652 ms  DeleteObjects: 0.117942 ms)

AssetImportParameters requested are different than current active one (requested -> active):
  custom:video-decoder-ogg-theora: a1e56fd34408186e4bbccfd4996cb3dc -> 
  custom:container-muxer-webm: aa71ff27fc2769a1b78a27578f13a17b -> 
  custom:container-demuxer-webm: 4f35f7cbe854078d1ac9338744f61a02 -> 
  custom:container-demuxer-ogg: 62fdf1f143b41e24485cea50d1cbac27 -> 
  custom:video-encoder-webm-vp8: eb34c28f22e8b96e1ab97ce403110664 -> 
  custom:framework-osx-AVFoundation: b23960f63f64bdc6ff669e2cdcee2391 -> 
  custom:video-decoder-webm-vp8: 9c59270c3fd7afecdb556c50c9e8de78 -> 
  custom:audio-decoder-ogg-vorbis: bf7c407c2cedff20999df2af8eb42d56 -> 
  custom:audio-encoder-webm-vorbis: bf7c407c2cedff20999df2af8eb42d56 -> 
========================================================================
Received Import Request.
  path: Assets/Julien Tonsuso/Modular Fantasy Bridges/Prefabs
  artifactKey: Guid(e75cd271610d42e4b8a51bdb97fa638b) Importer(815301076,1909f56bfc062723c751e8b465ee728b)
Start importing Assets/Julien Tonsuso/Modular Fantasy Bridges/Prefabs using Guid(e75cd271610d42e4b8a51bdb97fa638b) Importer(815301076,1909f56bfc062723c751e8b465ee728b)  -> (artifact id: '2480c0567ca7cce1f59ec871acd6f02c') in 0.099498 seconds 
  Import took 0.102314 seconds .

========================================================================
Received Import Request.
  Time since last request: 0.000301 seconds.
  path: Assets/Julien Tonsuso/Modular Fantasy Bridges/Prefabs/bridge_01_piece_04.prefab
  artifactKey: Guid(8379202bce0132b49bdaf0b1f5328989) Importer(815301076,1909f56bfc062723c751e8b465ee728b)
Start importing Assets/Julien Tonsuso/Modular Fantasy Bridges/Prefabs/bridge_01_piece_04.prefab using Guid(8379202bce0132b49bdaf0b1f5328989) Importer(815301076,1909f56bfc062723c751e8b465ee728b)  -> (artifact id: '190eb2f17c3dc9cbcfbbdb0314a816dc') in 1.568713 seconds 
  Import took 1.571621 seconds .

========================================================================
Received Import Request.
  Time since last request: 0.000345 seconds.
  path: Assets/Julien Tonsuso/Modular Fantasy Bridges/Prefabs/bridge_wall_01.prefab
  artifactKey: Guid(ec0fa329b70f644409534038b3ed39ac) Importer(815301076,1909f56bfc062723c751e8b465ee728b)
Start importing Assets/Julien Tonsuso/Modular Fantasy Bridges/Prefabs/bridge_wall_01.prefab using Guid(ec0fa329b70f644409534038b3ed39ac) Importer(815301076,1909f56bfc062723c751e8b465ee728b)  -> (artifact id: '42f7f57081498d8a165c76fe161b8c20') in 0.056579 seconds 
  Import took 0.060548 seconds .

========================================================================
Received Import Request.
  Time since last request: 0.000389 seconds.
  path: Assets/Julien Tonsuso/Modular Fantasy Bridges/Prefabs/bridge_01.prefab
  artifactKey: Guid(4d94839158ffc7549b6d4c83f6f03cea) Importer(815301076,1909f56bfc062723c751e8b465ee728b)
Start importing Assets/Julien Tonsuso/Modular Fantasy Bridges/Prefabs/bridge_01.prefab using Guid(4d94839158ffc7549b6d4c83f6f03cea) Importer(815301076,1909f56bfc062723c751e8b465ee728b)  -> (artifact id: '3c69300f77c7ea308792ebedcae71f2b') in 0.061130 seconds 
  Import took 0.066355 seconds .

========================================================================
Received Import Request.
  Time since last request: 0.000339 seconds.
  path: Assets/Julien Tonsuso/Modular Fantasy Bridges/Prefabs/bridge_02.prefab
  artifactKey: Guid(a9c899e0b66039040ab831fddc761839) Importer(815301076,1909f56bfc062723c751e8b465ee728b)
Start importing Assets/Julien Tonsuso/Modular Fantasy Bridges/Prefabs/bridge_02.prefab using Guid(a9c899e0b66039040ab831fddc761839) Importer(815301076,1909f56bfc062723c751e8b465ee728b)  -> (artifact id: '3b0aefebdcd7941ff211d813e982a41b') in 0.047682 seconds 
  Import took 0.052330 seconds .

========================================================================
Received Import Request.
  Time since last request: 0.000313 seconds.
  path: Assets/Julien Tonsuso/Modular Fantasy Bridges
  artifactKey: Guid(46d307a7757a76642a9ef36da05871ad) Importer(815301076,1909f56bfc062723c751e8b465ee728b)
Start importing Assets/Julien Tonsuso/Modular Fantasy Bridges using Guid(46d307a7757a76642a9ef36da05871ad) Importer(815301076,1909f56bfc062723c751e8b465ee728b)  -> (artifact id: 'fa330273554047d8a084139e80c14378') in 0.001208 seconds 
  Import took 0.004661 seconds .

========================================================================
Received Import Request.
  Time since last request: 0.000322 seconds.
  path: Assets/Julien Tonsuso/Modular Fantasy Bridges/Prefabs/bridge_01_piece_02.prefab
  artifactKey: Guid(28fb2ce0f62a62b419e5bb40b1c91c5e) Importer(815301076,1909f56bfc062723c751e8b465ee728b)
Start importing Assets/Julien Tonsuso/Modular Fantasy Bridges/Prefabs/bridge_01_piece_02.prefab using Guid(28fb2ce0f62a62b419e5bb40b1c91c5e) Importer(815301076,1909f56bfc062723c751e8b465ee728b)  -> (artifact id: 'c16edec35490768c93bf5d42a39ff21d') in 0.038059 seconds 
  Import took 0.042057 seconds .

========================================================================
Received Import Request.
  Time since last request: 0.000321 seconds.
  path: Assets/Julien Tonsuso/Modular Fantasy Bridges/Prefabs/bridge_03.prefab
  artifactKey: Guid(fdb3a7ca637e4da45a770b92887e06bf) Importer(815301076,1909f56bfc062723c751e8b465ee728b)
Start importing Assets/Julien Tonsuso/Modular Fantasy Bridges/Prefabs/bridge_03.prefab using Guid(fdb3a7ca637e4da45a770b92887e06bf) Importer(815301076,1909f56bfc062723c751e8b465ee728b)  -> (artifact id: 'a7323e3283a977e8d538dcefcb529998') in 0.025884 seconds 
  Import took 0.030407 seconds .

========================================================================
Received Import Request.
  Time since last request: 0.000298 seconds.
  path: Assets/Julien Tonsuso/Modular Fantasy Bridges/Prefabs/bridge_04.prefab
  artifactKey: Guid(4b9a8a1176f91eb47978feb85de2b04f) Importer(815301076,1909f56bfc062723c751e8b465ee728b)
Start importing Assets/Julien Tonsuso/Modular Fantasy Bridges/Prefabs/bridge_04.prefab using Guid(4b9a8a1176f91eb47978feb85de2b04f) Importer(815301076,1909f56bfc062723c751e8b465ee728b)  -> (artifact id: 'ef225b99c83f1350d094585eb404d3a9') in 0.024450 seconds 
  Import took 0.029225 seconds .

========================================================================
Received Import Request.
  Time since last request: 0.000330 seconds.
  path: Assets/Julien Tonsuso/Modular Fantasy Bridges/Prefabs/bridge_01_piece_01.prefab
  artifactKey: Guid(c48edffd325af3146abf35b230330117) Importer(815301076,1909f56bfc062723c751e8b465ee728b)
Start importing Assets/Julien Tonsuso/Modular Fantasy Bridges/Prefabs/bridge_01_piece_01.prefab using Guid(c48edffd325af3146abf35b230330117) Importer(815301076,1909f56bfc062723c751e8b465ee728b)  -> (artifact id: '56ae53f60b0e6b8a297b1abacc64b566') in 0.014300 seconds 
  Import took 0.017951 seconds .

========================================================================
Received Import Request.
  Time since last request: 0.000299 seconds.
  path: Assets/Julien Tonsuso/Modular Fantasy Bridges/Prefabs/bridge_wood_01.prefab
  artifactKey: Guid(bccc75965126afd41ad0d9c9daa04e39) Importer(815301076,1909f56bfc062723c751e8b465ee728b)
Start importing Assets/Julien Tonsuso/Modular Fantasy Bridges/Prefabs/bridge_wood_01.prefab using Guid(bccc75965126afd41ad0d9c9daa04e39) Importer(815301076,1909f56bfc062723c751e8b465ee728b)  -> (artifact id: '9efefc193fb6ff15b9d060be1621c851') in 0.016745 seconds 
  Import took 0.020263 seconds .

========================================================================
Received Import Request.
  Time since last request: 0.000297 seconds.
  path: Assets/Julien Tonsuso/Modular Fantasy Bridges/Prefabs/bridge_01_piece_05.prefab
  artifactKey: Guid(2c1dcbf1d98792940840b7527f381e64) Importer(815301076,1909f56bfc062723c751e8b465ee728b)
Start importing Assets/Julien Tonsuso/Modular Fantasy Bridges/Prefabs/bridge_01_piece_05.prefab using Guid(2c1dcbf1d98792940840b7527f381e64) Importer(815301076,1909f56bfc062723c751e8b465ee728b)  -> (artifact id: '863a4f717106aa95081a4b34320df033') in 0.015488 seconds 
  Import took 0.019738 seconds .

========================================================================
Received Import Request.
  Time since last request: 0.000303 seconds.
  path: Assets/Julien Tonsuso
  artifactKey: Guid(3b7f3b333d9b94719b7008b48679dbd4) Importer(815301076,1909f56bfc062723c751e8b465ee728b)
Start importing Assets/Julien Tonsuso using Guid(3b7f3b333d9b94719b7008b48679dbd4) Importer(815301076,1909f56bfc062723c751e8b465ee728b)  -> (artifact id: '3e33ab31ca7a3f3cf6a198da6eb3691f') in 0.001446 seconds 
  Import took 0.006017 seconds .

========================================================================
Received Import Request.
  Time since last request: 0.000421 seconds.
  path: Assets/Julien Tonsuso/Modular Fantasy Bridges/Prefabs/bridge_01_piece_03.prefab
  artifactKey: Guid(d5e16478c7336bb4bafb16cef6d74a72) Importer(815301076,1909f56bfc062723c751e8b465ee728b)
Start importing Assets/Julien Tonsuso/Modular Fantasy Bridges/Prefabs/bridge_01_piece_03.prefab using Guid(d5e16478c7336bb4bafb16cef6d74a72) Importer(815301076,1909f56bfc062723c751e8b465ee728b)  -> (artifact id: 'bc143a11cb4c0dba86f7ded7dfb96744') in 0.014723 seconds 
  Import took 0.020541 seconds .

========================================================================
Received Import Request.
  Time since last request: 29.050056 seconds.
  path: Assets/Julien Tonsuso/Modular Fantasy Bridges/Models
  artifactKey: Guid(1ad40f8da908ecc4681f26f47235876e) Importer(815301076,1909f56bfc062723c751e8b465ee728b)
Start importing Assets/Julien Tonsuso/Modular Fantasy Bridges/Models using Guid(1ad40f8da908ecc4681f26f47235876e) Importer(815301076,1909f56bfc062723c751e8b465ee728b)  -> (artifact id: 'bc31979ebec433f827a8c0ed01389206') in 0.007144 seconds 
  Import took 0.010303 seconds .

========================================================================
Received Import Request.
  Time since last request: 2.042908 seconds.
  path: Assets/Julien Tonsuso/Modular Fantasy Bridges/Models/bridge_01.fbx
  artifactKey: Guid(7d53fdec5e7b82142a88b4f220a02132) Importer(815301076,1909f56bfc062723c751e8b465ee728b)
Start importing Assets/Julien Tonsuso/Modular Fantasy Bridges/Models/bridge_01.fbx using Guid(7d53fdec5e7b82142a88b4f220a02132) Importer(815301076,1909f56bfc062723c751e8b465ee728b)  -> (artifact id: 'b39bfc3a7c387d8899ada61539c6faf3') in 0.651145 seconds 
  Import took 0.654963 seconds .

========================================================================
Received Import Request.
  Time since last request: 0.000254 seconds.
  path: Assets/Julien Tonsuso/Modular Fantasy Bridges/Models/bridge_01_piece_02.fbx
  artifactKey: Guid(36cb85786abbc9c45a548fd59b0062d3) Importer(815301076,1909f56bfc062723c751e8b465ee728b)
Start importing Assets/Julien Tonsuso/Modular Fantasy Bridges/Models/bridge_01_piece_02.fbx using Guid(36cb85786abbc9c45a548fd59b0062d3) Importer(815301076,1909f56bfc062723c751e8b465ee728b)  -> (artifact id: 'c9c95cda5b670ee321df786fd2d61cd6') in 0.044612 seconds 
  Import took 0.047772 seconds .

========================================================================
Received Import Request.
  Time since last request: 0.000257 seconds.
  path: Assets/Julien Tonsuso/Modular Fantasy Bridges/Models/bridge_wood_01.fbx
  artifactKey: Guid(790be2b326b28dc40bbdc381676bd6c1) Importer(815301076,1909f56bfc062723c751e8b465ee728b)
Start importing Assets/Julien Tonsuso/Modular Fantasy Bridges/Models/bridge_wood_01.fbx using Guid(790be2b326b28dc40bbdc381676bd6c1) Importer(815301076,1909f56bfc062723c751e8b465ee728b)  -> (artifact id: 'f13175753586cd26ecd17f470e2c69a3') in 0.034468 seconds 
  Import took 0.037423 seconds .

========================================================================
Received Import Request.
  Time since last request: 0.000277 seconds.
  path: Assets/Julien Tonsuso/Modular Fantasy Bridges/Models/bridge_01_piece_03.fbx
  artifactKey: Guid(3d422331347ce4e4aa0338e6a9f395ca) Importer(815301076,1909f56bfc062723c751e8b465ee728b)
Start importing Assets/Julien Tonsuso/Modular Fantasy Bridges/Models/bridge_01_piece_03.fbx using Guid(3d422331347ce4e4aa0338e6a9f395ca) Importer(815301076,1909f56bfc062723c751e8b465ee728b)  -> (artifact id: '3f1ef794180e3ddd1164187e769c44cc') in 0.013520 seconds 
  Import took 0.016709 seconds .

========================================================================
Received Import Request.
  Time since last request: 0.000269 seconds.
  path: Assets/Julien Tonsuso/Modular Fantasy Bridges/Models/bridge_02.fbx
  artifactKey: Guid(f9e0f68e2e0c1a440a7c4d258210b4b6) Importer(815301076,1909f56bfc062723c751e8b465ee728b)
Start importing Assets/Julien Tonsuso/Modular Fantasy Bridges/Models/bridge_02.fbx using Guid(f9e0f68e2e0c1a440a7c4d258210b4b6) Importer(815301076,1909f56bfc062723c751e8b465ee728b)  -> (artifact id: '0bdb2c45f38ef71e47a0ca899a282d52') in 0.014130 seconds 
  Import took 0.017558 seconds .

========================================================================
Received Import Request.
  Time since last request: 0.000274 seconds.
  path: Assets/Julien Tonsuso/Modular Fantasy Bridges/Models/bridge_01_piece_05.fbx
  artifactKey: Guid(49ef933a4aa4e8848a5abbc8a1e30ab0) Importer(815301076,1909f56bfc062723c751e8b465ee728b)
Start importing Assets/Julien Tonsuso/Modular Fantasy Bridges/Models/bridge_01_piece_05.fbx using Guid(49ef933a4aa4e8848a5abbc8a1e30ab0) Importer(815301076,1909f56bfc062723c751e8b465ee728b)  -> (artifact id: '5b1889ebc6c8aa4cd3dbec6c490b6dd5') in 0.012814 seconds 
  Import took 0.016073 seconds .

========================================================================
Received Import Request.
  Time since last request: 0.000273 seconds.
  path: Assets/Julien Tonsuso/Modular Fantasy Bridges/Models/bridge_01_piece_04.fbx
  artifactKey: Guid(b4338cb0764ff2c4b950bf315e69b084) Importer(815301076,1909f56bfc062723c751e8b465ee728b)
Start importing Assets/Julien Tonsuso/Modular Fantasy Bridges/Models/bridge_01_piece_04.fbx using Guid(b4338cb0764ff2c4b950bf315e69b084) Importer(815301076,1909f56bfc062723c751e8b465ee728b)  -> (artifact id: '2d02f1d5df03a5c09ac7c96a61cd8990') in 0.013194 seconds 
  Import took 0.015875 seconds .

========================================================================
Received Import Request.
  Time since last request: 0.000255 seconds.
  path: Assets/Julien Tonsuso/Modular Fantasy Bridges/Models/bridge_01_piece_01.fbx
  artifactKey: Guid(b69ad2a424d56df4a9a1122560c06b7e) Importer(815301076,1909f56bfc062723c751e8b465ee728b)
Start importing Assets/Julien Tonsuso/Modular Fantasy Bridges/Models/bridge_01_piece_01.fbx using Guid(b69ad2a424d56df4a9a1122560c06b7e) Importer(815301076,1909f56bfc062723c751e8b465ee728b)  -> (artifact id: '7a21f97129bee3f33064b49ed733a6e1') in 0.014379 seconds 
  Import took 0.016878 seconds .

========================================================================
Received Import Request.
  Time since last request: 0.000299 seconds.
  path: Assets/Julien Tonsuso/Modular Fantasy Bridges/Models/bridge_wall_01.fbx
  artifactKey: Guid(5e555449373849a4ea61ddc213409c81) Importer(815301076,1909f56bfc062723c751e8b465ee728b)
Start importing Assets/Julien Tonsuso/Modular Fantasy Bridges/Models/bridge_wall_01.fbx using Guid(5e555449373849a4ea61ddc213409c81) Importer(815301076,1909f56bfc062723c751e8b465ee728b)  -> (artifact id: '1831f9cdd3529df9b7b03a9f51deaba2') in 0.013452 seconds 
  Import took 0.016054 seconds .

========================================================================
Received Import Request.
  Time since last request: 214.768269 seconds.
  path: Assets/Julien Tonsuso/Modular Fantasy Bridges/Substances
  artifactKey: Guid(a6ecfd7dbb4252a489c73cf4cc8c3e47) Importer(815301076,1909f56bfc062723c751e8b465ee728b)
Start importing Assets/Julien Tonsuso/Modular Fantasy Bridges/Substances using Guid(a6ecfd7dbb4252a489c73cf4cc8c3e47) Importer(815301076,1909f56bfc062723c751e8b465ee728b)  -> (artifact id: 'eadb2745a858a04d334460e0116e3308') in 0.001339 seconds 
  Import took 0.005699 seconds .

========================================================================
Received Import Request.
  Time since last request: 10.352453 seconds.
  path: Assets/Julien Tonsuso/Modular Fantasy Bridges/Demo
  artifactKey: Guid(fe8c05c6af1a10041b388a97e18a483a) Importer(815301076,1909f56bfc062723c751e8b465ee728b)
Start importing Assets/Julien Tonsuso/Modular Fantasy Bridges/Demo using Guid(fe8c05c6af1a10041b388a97e18a483a) Importer(815301076,1909f56bfc062723c751e8b465ee728b)  -> (artifact id: 'd8dabaa9f193a1c4f0667d8ebf4584b0') in 0.001128 seconds 
  Import took 0.004702 seconds .

========================================================================
Received Import Request.
  Time since last request: 53.825107 seconds.
  path: Assets/Julien Tonsuso/Modular Fantasy Bridges/Models/New Material.mat
  artifactKey: Guid(30c27ec822586477e89cf0b3ec7ef86f) Importer(815301076,1909f56bfc062723c751e8b465ee728b)
Start importing Assets/Julien Tonsuso/Modular Fantasy Bridges/Models/New Material.mat using Guid(30c27ec822586477e89cf0b3ec7ef86f) Importer(815301076,1909f56bfc062723c751e8b465ee728b)  -> (artifact id: 'e2e43cc2b59be870e5f3dd4445199596') in 0.210564 seconds 
  Import took 0.213511 seconds .

