Using pre-set license

 COMMAND LINE ARGUMENTS:
/Applications/Unity/Hub/Editor/2020.3.13f1/Unity.app/Contents/MacOS/Unity
-adb2
-batchMode
-noUpm
-name
AssetImportWorker0
-projectPath
/Users/Mariwa/Game-Programming/Game Programming
-logFile
Logs/AssetImportWorker0.log
-srvPort
57504
Successfully changed project path to: /Users/Mariwa/Game-Programming/Game Programming
/Users/Mariwa/Game-Programming/Game Programming
Using Asset Import Pipeline V2.
Refreshing native plugins compatible for Editor in 59.79 ms, found 2 plugins.
Preloading 0 native plugins for Editor in 0.00 ms.
Initialize engine version: 2020.3.13f1 (71691879b7f5)
[Subsystems] Discovering subsystems at path /Applications/Unity/Hub/Editor/2020.3.13f1/Unity.app/Contents/Resources/UnitySubsystems
[Subsystems] Discovering subsystems at path /Users/Mariwa/Game-Programming/Game Programming/Assets
GfxDevice: creating device client; threaded=0
Renderer: Intel HD Graphics 3000 OpenGL Engine
Vendor:   Intel Inc.
Version:  3.3 INTEL-10.4.14
GLES:     0
 GL_ARB_blend_func_extended GL_ARB_ES2_compatibility GL_ARB_explicit_attrib_location GL_ARB_instanced_arrays GL_ARB_internalformat_query GL_ARB_occlusion_query2 GL_ARB_sampler_objects GL_ARB_separate_shader_objects GL_ARB_shader_bit_encoding GL_ARB_shading_language_include GL_ARB_texture_rgb10_a2ui GL_ARB_texture_storage GL_ARB_texture_swizzle GL_ARB_timer_query GL_ARB_vertex_type_2_10_10_10_rev GL_EXT_debug_label GL_EXT_debug_marker GL_EXT_texture_compression_s3tc GL_EXT_texture_filter_anisotropic GL_EXT_texture_sRGB_decode GL_APPLE_client_storage GL_APPLE_container_object_shareable GL_APPLE_flush_render GL_APPLE_object_purgeable GL_APPLE_rgb_422 GL_APPLE_row_bytes GL_APPLE_texture_range GL_ATI_texture_mirror_once GL_NV_texture_barrier
OPENGL LOG: Creating OpenGL 3.3 graphics device ; Context level  <OpenGL 3.3> ; Context handle 1065934848
Initialize mono
Mono path[0] = '/Applications/Unity/Hub/Editor/2020.3.13f1/Unity.app/Contents/Managed'
Mono path[1] = '/Applications/Unity/Hub/Editor/2020.3.13f1/Unity.app/Contents/MonoBleedingEdge/lib/mono/unityjit'
Mono config path = '/Applications/Unity/Hub/Editor/2020.3.13f1/Unity.app/Contents/MonoBleedingEdge/etc'
Using monoOptions --debugger-agent=transport=dt_socket,embedding=1,server=y,suspend=n,address=127.0.0.1:56992
Begin MonoManager ReloadAssembly
Registering precompiled unity dll's ...
Register platform support module: /Applications/Unity/Hub/Editor/2020.3.13f1/Unity.app/Contents/PlaybackEngines/MacStandaloneSupport/UnityEditor.OSXStandalone.Extensions.dll
Registered in 0.000744 seconds.
Native extension for OSXStandalone target not found
Refreshing native plugins compatible for Editor in 51.51 ms, found 2 plugins.
Preloading 0 native plugins for Editor in 0.00 ms.
Mono: successfully reloaded assembly
- Completed reload, in  4.410 seconds
Platform modules already initialized, skipping
Registering precompiled user dll's ...
Registered in 0.002839 seconds.
Begin MonoManager ReloadAssembly
Native extension for OSXStandalone target not found
Refreshing native plugins compatible for Editor in 0.44 ms, found 2 plugins.
Preloading 0 native plugins for Editor in 0.00 ms.
Mono: successfully reloaded assembly
- Completed reload, in  2.059 seconds
Platform modules already initialized, skipping
========================================================================
Worker process is ready to serve import requests
Launching external process: /Applications/Unity/Hub/Editor/2020.3.13f1/Unity.app/Contents/Tools/UnityShaderCompiler
Launched and connected shader compiler UnityShaderCompiler after 0.05 seconds
Refreshing native plugins compatible for Editor in 0.80 ms, found 2 plugins.
Preloading 0 native plugins for Editor in 0.00 ms.
Unloading 1390 Unused Serialized files (Serialized files now loaded: 0)
System memory in use before: 133.4 MB.
System memory in use after: 133.5 MB.

Unloading 19 unused Assets to reduce memory usage. Loaded Objects now: 1822.
Total: 3.186957 ms (FindLiveObjects: 0.204573 ms CreateObjectMapping: 0.059539 ms MarkObjects: 2.803725 ms  DeleteObjects: 0.117324 ms)

AssetImportParameters requested are different than current active one (requested -> active):
  custom:video-decoder-ogg-theora: a1e56fd34408186e4bbccfd4996cb3dc -> 
  custom:container-muxer-webm: aa71ff27fc2769a1b78a27578f13a17b -> 
  custom:container-demuxer-webm: 4f35f7cbe854078d1ac9338744f61a02 -> 
  custom:container-demuxer-ogg: 62fdf1f143b41e24485cea50d1cbac27 -> 
  custom:video-encoder-webm-vp8: eb34c28f22e8b96e1ab97ce403110664 -> 
  custom:framework-osx-AVFoundation: b23960f63f64bdc6ff669e2cdcee2391 -> 
  custom:video-decoder-webm-vp8: 9c59270c3fd7afecdb556c50c9e8de78 -> 
  custom:audio-decoder-ogg-vorbis: bf7c407c2cedff20999df2af8eb42d56 -> 
  custom:audio-encoder-webm-vorbis: bf7c407c2cedff20999df2af8eb42d56 -> 
========================================================================
Received Import Request.
  path: Assets/MedievalCastlePackLite
  artifactKey: Guid(3e0b5aa3f4fe647f18173bd0a6aef149) Importer(815301076,1909f56bfc062723c751e8b465ee728b)
Start importing Assets/MedievalCastlePackLite using Guid(3e0b5aa3f4fe647f18173bd0a6aef149) Importer(815301076,1909f56bfc062723c751e8b465ee728b)  -> (artifact id: 'db4158bfe5d8e3fb723a70f944def4ce') in 0.062275 seconds 
  Import took 0.065846 seconds .

========================================================================
Received Import Request.
  Time since last request: 114.197662 seconds.
  path: Assets/groundColor.mat
  artifactKey: Guid(4ed6749dd1fc14be09347fac15c53afd) Importer(815301076,1909f56bfc062723c751e8b465ee728b)
Start importing Assets/groundColor.mat using Guid(4ed6749dd1fc14be09347fac15c53afd) Importer(815301076,1909f56bfc062723c751e8b465ee728b)  -> (artifact id: '2b142534bcea8d9e7008ea70fe5af406') in 1.674036 seconds 
  Import took 1.677994 seconds .

========================================================================
Received Import Request.
  Time since last request: 53.525763 seconds.
  path: Assets/MedievalCastlePackLite/TsunoaGames
  artifactKey: Guid(96470947c6fd547999e17f6f839a62e8) Importer(815301076,1909f56bfc062723c751e8b465ee728b)
Start importing Assets/MedievalCastlePackLite/TsunoaGames using Guid(96470947c6fd547999e17f6f839a62e8) Importer(815301076,1909f56bfc062723c751e8b465ee728b)  -> (artifact id: 'c1d5198ab5063f68a92f2d6422a4ef1c') in 0.001869 seconds 
  Import took 0.005504 seconds .

========================================================================
Received Import Request.
  Time since last request: 2.886542 seconds.
  path: Assets/MedievalCastlePackLite/TsunoaGames/MedievalCastlePack
  artifactKey: Guid(a1c329d6f90d9d44ca3052bbe63ddf76) Importer(815301076,1909f56bfc062723c751e8b465ee728b)
Start importing Assets/MedievalCastlePackLite/TsunoaGames/MedievalCastlePack using Guid(a1c329d6f90d9d44ca3052bbe63ddf76) Importer(815301076,1909f56bfc062723c751e8b465ee728b)  -> (artifact id: 'c9ae2d31a3e32d89ab84d0779cb1bcfc') in 0.016481 seconds 
  Import took 0.020714 seconds .

========================================================================
Received Import Request.
  Time since last request: 4.323534 seconds.
  path: Assets/MedievalCastlePackLite/TsunoaGames/MedievalCastlePack/Towers
  artifactKey: Guid(dd8885dba953d86438c74e26d910ceba) Importer(815301076,1909f56bfc062723c751e8b465ee728b)
Start importing Assets/MedievalCastlePackLite/TsunoaGames/MedievalCastlePack/Towers using Guid(dd8885dba953d86438c74e26d910ceba) Importer(815301076,1909f56bfc062723c751e8b465ee728b)  -> (artifact id: 'fdebda648c20fe355b9e424d23fbe368') in 0.003424 seconds 
  Import took 0.010233 seconds .

========================================================================
Received Import Request.
  Time since last request: 1.270284 seconds.
  path: Assets/MedievalCastlePackLite/TsunoaGames/MedievalCastlePack/Towers/octogonal-tower.obj
  artifactKey: Guid(b0e423cf233360742ab46b41ef7c1aa3) Importer(815301076,1909f56bfc062723c751e8b465ee728b)
Start importing Assets/MedievalCastlePackLite/TsunoaGames/MedievalCastlePack/Towers/octogonal-tower.obj using Guid(b0e423cf233360742ab46b41ef7c1aa3) Importer(815301076,1909f56bfc062723c751e8b465ee728b)  -> (artifact id: '42ad0d41ab6df0bdffb4dc1adbc6b783') in 0.555576 seconds 
  Import took 0.559280 seconds .

========================================================================
Received Import Request.
  Time since last request: 0.000273 seconds.
  path: Assets/MedievalCastlePackLite/TsunoaGames/MedievalCastlePack/Towers/square-tower.obj
  artifactKey: Guid(68cbf13e667e309489732c1a030b28a9) Importer(815301076,1909f56bfc062723c751e8b465ee728b)
Start importing Assets/MedievalCastlePackLite/TsunoaGames/MedievalCastlePack/Towers/square-tower.obj using Guid(68cbf13e667e309489732c1a030b28a9) Importer(815301076,1909f56bfc062723c751e8b465ee728b)  -> (artifact id: '3508b102209429a7710ff4500ec16114') in 0.032150 seconds 
  Import took 0.035272 seconds .

========================================================================
Received Import Request.
  Time since last request: 14.403245 seconds.
  path: Assets/MedievalCastlePackLite/TsunoaGames/MedievalCastlePack/Materials
  artifactKey: Guid(5e7fc6d0c4587534baeb50dca55b3a49) Importer(815301076,1909f56bfc062723c751e8b465ee728b)
Start importing Assets/MedievalCastlePackLite/TsunoaGames/MedievalCastlePack/Materials using Guid(5e7fc6d0c4587534baeb50dca55b3a49) Importer(815301076,1909f56bfc062723c751e8b465ee728b)  -> (artifact id: '08ec623b3588a539b091483360ce69ca') in 0.001521 seconds 
  Import took 0.004881 seconds .

========================================================================
Received Import Request.
  Time since last request: 0.192989 seconds.
  path: Assets/MedievalCastlePackLite/TsunoaGames/MedievalCastlePack/Materials/atlas-1.mat
  artifactKey: Guid(b87c74479d767334aab3bfc099120105) Importer(815301076,1909f56bfc062723c751e8b465ee728b)
Start importing Assets/MedievalCastlePackLite/TsunoaGames/MedievalCastlePack/Materials/atlas-1.mat using Guid(b87c74479d767334aab3bfc099120105) Importer(815301076,1909f56bfc062723c751e8b465ee728b)  -> (artifact id: '1c7c40230d7fc40e4224c73efabfcaa5') in 0.457051 seconds 
  Import took 0.462681 seconds .

========================================================================
Received Import Request.
  Time since last request: 5.837519 seconds.
  path: Assets/MedievalCastlePackLite/TsunoaGames/MedievalCastlePack/Props
  artifactKey: Guid(41cd9c0387823ec4b88e4142e98c9425) Importer(815301076,1909f56bfc062723c751e8b465ee728b)
Start importing Assets/MedievalCastlePackLite/TsunoaGames/MedievalCastlePack/Props using Guid(41cd9c0387823ec4b88e4142e98c9425) Importer(815301076,1909f56bfc062723c751e8b465ee728b)  -> (artifact id: 'd48e4267bbb394c3c78056d024fdffd2') in 0.056252 seconds 
  Import took 0.060530 seconds .

========================================================================
Received Import Request.
  Time since last request: 0.205539 seconds.
  path: Assets/MedievalCastlePackLite/TsunoaGames/MedievalCastlePack/Props/rounded-door.obj
  artifactKey: Guid(f967dbbbe60cc104abe6f03b295bfcd4) Importer(815301076,1909f56bfc062723c751e8b465ee728b)
Start importing Assets/MedievalCastlePackLite/TsunoaGames/MedievalCastlePack/Props/rounded-door.obj using Guid(f967dbbbe60cc104abe6f03b295bfcd4) Importer(815301076,1909f56bfc062723c751e8b465ee728b)  -> (artifact id: '2b3a2d23c0f3b196e175e8bf98018b38') in 0.065565 seconds 
  Import took 0.069046 seconds .

========================================================================
Received Import Request.
  Time since last request: 26.255636 seconds.
  path: Assets/MedievalCastlePackLite/TsunoaGames/MedievalCastlePack/Scenes
  artifactKey: Guid(f4e42da93a5a109458f1dd6510a3a739) Importer(815301076,1909f56bfc062723c751e8b465ee728b)
Start importing Assets/MedievalCastlePackLite/TsunoaGames/MedievalCastlePack/Scenes using Guid(f4e42da93a5a109458f1dd6510a3a739) Importer(815301076,1909f56bfc062723c751e8b465ee728b)  -> (artifact id: 'e3dc6b74990cca6b26f8201c96f7b095') in 0.003785 seconds 
  Import took 0.007881 seconds .

========================================================================
Received Import Request.
  Time since last request: 8.601930 seconds.
  path: Assets/MedievalCastlePackLite/TsunoaGames/MedievalCastlePack/Walls
  artifactKey: Guid(cc7aa09b6ab334a4c9a6442257eff5c7) Importer(815301076,1909f56bfc062723c751e8b465ee728b)
Start importing Assets/MedievalCastlePackLite/TsunoaGames/MedievalCastlePack/Walls using Guid(cc7aa09b6ab334a4c9a6442257eff5c7) Importer(815301076,1909f56bfc062723c751e8b465ee728b)  -> (artifact id: 'f1816c444e407f86437019a746d8ace1') in 0.046474 seconds 
  Import took 0.052147 seconds .

========================================================================
Received Import Request.
  Time since last request: 0.000299 seconds.
  path: Assets/MedievalCastlePackLite/TsunoaGames/MedievalCastlePack/Walls/t-road-with-borders.obj
  artifactKey: Guid(8b2f72e7b516c0d41804ae0b7704480e) Importer(815301076,1909f56bfc062723c751e8b465ee728b)
Start importing Assets/MedievalCastlePackLite/TsunoaGames/MedievalCastlePack/Walls/t-road-with-borders.obj using Guid(8b2f72e7b516c0d41804ae0b7704480e) Importer(815301076,1909f56bfc062723c751e8b465ee728b)  -> (artifact id: 'e0d6959e4aa036e69fc59294599dbf84') in 0.034579 seconds 
  Import took 0.038935 seconds .

========================================================================
Received Import Request.
  Time since last request: 0.000279 seconds.
  path: Assets/MedievalCastlePackLite/TsunoaGames/MedievalCastlePack/Walls
  artifactKey: Guid(cc7aa09b6ab334a4c9a6442257eff5c7) Importer(815301076,1909f56bfc062723c751e8b465ee728b)
Start importing Assets/MedievalCastlePackLite/TsunoaGames/MedievalCastlePack/Walls using Guid(cc7aa09b6ab334a4c9a6442257eff5c7) Importer(815301076,1909f56bfc062723c751e8b465ee728b)  -> (artifact id: 'f1816c444e407f86437019a746d8ace1') in 0.000989 seconds 
  Import took 0.003598 seconds .

========================================================================
Received Import Request.
  Time since last request: 0.000288 seconds.
  path: Assets/MedievalCastlePackLite/TsunoaGames/MedievalCastlePack/Walls/passage-with-borders.obj
  artifactKey: Guid(5b8044e6f6d48d34d9b22b9c5eb6e799) Importer(815301076,1909f56bfc062723c751e8b465ee728b)
Start importing Assets/MedievalCastlePackLite/TsunoaGames/MedievalCastlePack/Walls/passage-with-borders.obj using Guid(5b8044e6f6d48d34d9b22b9c5eb6e799) Importer(815301076,1909f56bfc062723c751e8b465ee728b)  -> (artifact id: 'cecfedd3338ee15914da87babe703d67') in 0.025534 seconds 
  Import took 0.028640 seconds .

========================================================================
Received Import Request.
  Time since last request: 0.000249 seconds.
  path: Assets/MedievalCastlePackLite/TsunoaGames/MedievalCastlePack/Walls/straight-with-borders.obj
  artifactKey: Guid(ba554c772410f934284d8ded98ae9329) Importer(815301076,1909f56bfc062723c751e8b465ee728b)
Start importing Assets/MedievalCastlePackLite/TsunoaGames/MedievalCastlePack/Walls/straight-with-borders.obj using Guid(ba554c772410f934284d8ded98ae9329) Importer(815301076,1909f56bfc062723c751e8b465ee728b)  -> (artifact id: '1cd160290018481175656c59a59af87e') in 0.023421 seconds 
  Import took 0.026891 seconds .

========================================================================
Received Import Request.
  Time since last request: 0.000251 seconds.
  path: Assets/MedievalCastlePackLite/TsunoaGames/MedievalCastlePack/Walls/corner-with-borders.obj
  artifactKey: Guid(3230bf240b33fb94e8270d86f9e59098) Importer(815301076,1909f56bfc062723c751e8b465ee728b)
Start importing Assets/MedievalCastlePackLite/TsunoaGames/MedievalCastlePack/Walls/corner-with-borders.obj using Guid(3230bf240b33fb94e8270d86f9e59098) Importer(815301076,1909f56bfc062723c751e8b465ee728b)  -> (artifact id: '176159bf6fbf57e7b32152aeea18b5a2') in 0.022037 seconds 
  Import took 0.024999 seconds .

========================================================================
Received Import Request.
  Time since last request: 1619.850901 seconds.
  path: Assets/MedievalCastlePackLite/TsunoaGames/MedievalCastlePack/Walls/Materials
  artifactKey: Guid(9d1ce7e057ba64a22be43bd98a56512a) Importer(815301076,1909f56bfc062723c751e8b465ee728b)
Start importing Assets/MedievalCastlePackLite/TsunoaGames/MedievalCastlePack/Walls/Materials using Guid(9d1ce7e057ba64a22be43bd98a56512a) Importer(815301076,1909f56bfc062723c751e8b465ee728b)  -> (artifact id: 'dca6320fe824678be83273c706cbfe16') in 0.030319 seconds 
  Import took 0.034294 seconds .

========================================================================
Received Import Request.
  Time since last request: 0.000323 seconds.
  path: Assets/MedievalCastlePackLite/TsunoaGames/MedievalCastlePack/Walls/Materials/defaultMat.mat
  artifactKey: Guid(f098c30acc3644cb683396634df8219a) Importer(815301076,1909f56bfc062723c751e8b465ee728b)
Start importing Assets/MedievalCastlePackLite/TsunoaGames/MedievalCastlePack/Walls/Materials/defaultMat.mat using Guid(f098c30acc3644cb683396634df8219a) Importer(815301076,1909f56bfc062723c751e8b465ee728b)  -> (artifact id: '2961c4a1d9627600972e99ffb0e4aaf2') in 0.011515 seconds 
  Import took 0.014302 seconds .

========================================================================
Received Import Request.
  Time since last request: 487.428356 seconds.
  path: Assets/groundColor.mat
  artifactKey: Guid(4ed6749dd1fc14be09347fac15c53afd) Importer(815301076,1909f56bfc062723c751e8b465ee728b)
Start importing Assets/groundColor.mat using Guid(4ed6749dd1fc14be09347fac15c53afd) Importer(815301076,1909f56bfc062723c751e8b465ee728b)  -> (artifact id: 'ccc86f02171bfff1b76b969cbd723054') in 0.012906 seconds 
  Import took 0.016489 seconds .

========================================================================
Received Import Request.
  Time since last request: 0.000227 seconds.
  path: Assets/Tree.prefab
  artifactKey: Guid(601c3efcdd5984718a5e3d3010099d94) Importer(815301076,1909f56bfc062723c751e8b465ee728b)
Start importing Assets/Tree.prefab using Guid(601c3efcdd5984718a5e3d3010099d94) Importer(815301076,1909f56bfc062723c751e8b465ee728b)  -> (artifact id: '6368b841bb387a75bef50bdb2a0873df') in 0.716963 seconds 
  Import took 0.719806 seconds .

========================================================================
Received Import Request.
  Time since last request: 25.191512 seconds.
  path: Assets/New Material.mat
  artifactKey: Guid(4a99b091f2cca47c596c6ea9d82b2698) Importer(815301076,1909f56bfc062723c751e8b465ee728b)
Start importing Assets/New Material.mat using Guid(4a99b091f2cca47c596c6ea9d82b2698) Importer(815301076,1909f56bfc062723c751e8b465ee728b)  -> (artifact id: '34caa614d3210fab3f7065e37ba6c847') in 0.019044 seconds 
  Import took 0.022106 seconds .

========================================================================
Received Import Request.
  Time since last request: 834.804539 seconds.
  path: Assets/New Material.mat
  artifactKey: Guid(4a99b091f2cca47c596c6ea9d82b2698) Importer(815301076,1909f56bfc062723c751e8b465ee728b)
Start importing Assets/New Material.mat using Guid(4a99b091f2cca47c596c6ea9d82b2698) Importer(815301076,1909f56bfc062723c751e8b465ee728b)  -> (artifact id: '7dea8adca5164e01c601dd18c5bd8144') in 0.048358 seconds 
  Import took 0.051665 seconds .

========================================================================
Received Import Request.
  Time since last request: 449.348524 seconds.
  path: Assets/Yughues Free Palm Trees
  artifactKey: Guid(6a5e72934769f42659408365d988e764) Importer(815301076,1909f56bfc062723c751e8b465ee728b)
Start importing Assets/Yughues Free Palm Trees using Guid(6a5e72934769f42659408365d988e764) Importer(815301076,1909f56bfc062723c751e8b465ee728b)  -> (artifact id: '35e27bada0e764265e918aeb4283ce97') in 0.103701 seconds 
  Import took 0.196703 seconds .

========================================================================
Received Import Request.
  Time since last request: 2.999216 seconds.
  path: Assets/YughuesFreeBushes2018
  artifactKey: Guid(ded082f79319348fa82c0c0d538a2089) Importer(815301076,1909f56bfc062723c751e8b465ee728b)
Start importing Assets/YughuesFreeBushes2018 using Guid(ded082f79319348fa82c0c0d538a2089) Importer(815301076,1909f56bfc062723c751e8b465ee728b)  -> (artifact id: '362eb4a0e0e1e384eceadb1cc43c2c09') in 0.017213 seconds 
  Import took 0.020787 seconds .

========================================================================
Received Import Request.
  Time since last request: 105.970038 seconds.
  path: Assets/Tree_Textures
  artifactKey: Guid(d3b6e68f76d574358abfa6cbdad608e7) Importer(815301076,1909f56bfc062723c751e8b465ee728b)
Start importing Assets/Tree_Textures using Guid(d3b6e68f76d574358abfa6cbdad608e7) Importer(815301076,1909f56bfc062723c751e8b465ee728b)  -> (artifact id: 'c79fb5505f47c5b5061acf623f32c8fd') in 0.036481 seconds 
  Import took 0.041586 seconds .

========================================================================
Received Import Request.
  Time since last request: 5.287381 seconds.
  path: Assets/Tree_Textures/diffuse.png
  artifactKey: Guid(246ae8b209fa544cb87cd4b44715cb49) Importer(815301076,1909f56bfc062723c751e8b465ee728b)
Start importing Assets/Tree_Textures/diffuse.png using Guid(246ae8b209fa544cb87cd4b44715cb49) Importer(815301076,1909f56bfc062723c751e8b465ee728b)  -> (artifact id: 'cc47b0e28659d3d2db7ae9812e23e242') in 0.315598 seconds 
  Import took 0.318836 seconds .

========================================================================
Received Import Request.
  Time since last request: 0.000322 seconds.
  path: Assets/Tree_Textures/normal_specular.png
  artifactKey: Guid(e1e14e0d830184123b4010ac2448e2e9) Importer(815301076,1909f56bfc062723c751e8b465ee728b)
Start importing Assets/Tree_Textures/normal_specular.png using Guid(e1e14e0d830184123b4010ac2448e2e9) Importer(815301076,1909f56bfc062723c751e8b465ee728b)  -> (artifact id: '79ac21004c2f382e6735e9589dcb156a') in 0.008413 seconds 
  Import took 0.011273 seconds .

========================================================================
Received Import Request.
  Time since last request: 0.000256 seconds.
  path: Assets/Tree_Textures/shadow.png
  artifactKey: Guid(20362421d08c94a0d82b42a44954235d) Importer(815301076,1909f56bfc062723c751e8b465ee728b)
Start importing Assets/Tree_Textures/shadow.png using Guid(20362421d08c94a0d82b42a44954235d) Importer(815301076,1909f56bfc062723c751e8b465ee728b)  -> (artifact id: '491f13caf0d26075995c07497765b7a7') in 0.025945 seconds 
  Import took 0.029209 seconds .

========================================================================
Received Import Request.
  Time since last request: 0.000253 seconds.
  path: Assets/Tree_Textures/translucency_gloss.png
  artifactKey: Guid(996eb5c08d70c4fb69e18066a03624a9) Importer(815301076,1909f56bfc062723c751e8b465ee728b)
Start importing Assets/Tree_Textures/translucency_gloss.png using Guid(996eb5c08d70c4fb69e18066a03624a9) Importer(815301076,1909f56bfc062723c751e8b465ee728b)  -> (artifact id: 'eddd6bb0ef1a9568a74487284db41fb7') in 0.006338 seconds 
  Import took 0.009915 seconds .

========================================================================
Received Import Request.
  Time since last request: 74.528552 seconds.
  path: Assets/YughuesFreeBushes2018/Prefabs
  artifactKey: Guid(0c3e980a12e9f2b41b2129725bd6b5b9) Importer(815301076,1909f56bfc062723c751e8b465ee728b)
Start importing Assets/YughuesFreeBushes2018/Prefabs using Guid(0c3e980a12e9f2b41b2129725bd6b5b9) Importer(815301076,1909f56bfc062723c751e8b465ee728b)  -> (artifact id: 'db370432d87c5fae0b9aa22ccd2b8b50') in 0.003639 seconds 
  Import took 0.009959 seconds .

========================================================================
Received Import Request.
  Time since last request: 1.175468 seconds.
  path: Assets/YughuesFreeBushes2018/Prefabs/P_Bush01.prefab
  artifactKey: Guid(8109e9e16ba4cc04b8e0928aea897927) Importer(815301076,1909f56bfc062723c751e8b465ee728b)
Start importing Assets/YughuesFreeBushes2018/Prefabs/P_Bush01.prefab using Guid(8109e9e16ba4cc04b8e0928aea897927) Importer(815301076,1909f56bfc062723c751e8b465ee728b)  -> (artifact id: 'ebf75fb0d3d843d93bee2d23884e3c4b') in 0.726818 seconds 
  Import took 0.730635 seconds .

========================================================================
Received Import Request.
  Time since last request: 0.000258 seconds.
  path: Assets/YughuesFreeBushes2018/Prefabs/P_Bush05.prefab
  artifactKey: Guid(431e05c5e2b18ba4fa6b3b0a6f687786) Importer(815301076,1909f56bfc062723c751e8b465ee728b)
Start importing Assets/YughuesFreeBushes2018/Prefabs/P_Bush05.prefab using Guid(431e05c5e2b18ba4fa6b3b0a6f687786) Importer(815301076,1909f56bfc062723c751e8b465ee728b)  -> (artifact id: '3aee08576cb768f1f8dfed3b56a3ef78') in 0.019288 seconds 
  Import took 0.022761 seconds .

========================================================================
Received Import Request.
  Time since last request: 0.000336 seconds.
  path: Assets/YughuesFreeBushes2018/Prefabs/P_Bush03.prefab
  artifactKey: Guid(ff0b0a3d7ae7a9e4f8505795785ad853) Importer(815301076,1909f56bfc062723c751e8b465ee728b)
Start importing Assets/YughuesFreeBushes2018/Prefabs/P_Bush03.prefab using Guid(ff0b0a3d7ae7a9e4f8505795785ad853) Importer(815301076,1909f56bfc062723c751e8b465ee728b)  -> (artifact id: 'e7a917b4c65c97cee551451b83fbcf59') in 0.022485 seconds 
  Import took 0.026929 seconds .

========================================================================
Received Import Request.
  Time since last request: 0.000254 seconds.
  path: Assets/YughuesFreeBushes2018/Prefabs/P_Bush02.prefab
  artifactKey: Guid(0cc0db2b14252644da9f1f74ed0c8f90) Importer(815301076,1909f56bfc062723c751e8b465ee728b)
Start importing Assets/YughuesFreeBushes2018/Prefabs/P_Bush02.prefab using Guid(0cc0db2b14252644da9f1f74ed0c8f90) Importer(815301076,1909f56bfc062723c751e8b465ee728b)  -> (artifact id: '9a92d82ff83713f13cf569089ab3da3c') in 0.018030 seconds 
  Import took 0.021406 seconds .

========================================================================
Received Import Request.
  Time since last request: 0.000254 seconds.
  path: Assets/YughuesFreeBushes2018/Prefabs/P_Bush04.prefab
  artifactKey: Guid(e334e6614ad50f749b0a37528784c614) Importer(815301076,1909f56bfc062723c751e8b465ee728b)
Start importing Assets/YughuesFreeBushes2018/Prefabs/P_Bush04.prefab using Guid(e334e6614ad50f749b0a37528784c614) Importer(815301076,1909f56bfc062723c751e8b465ee728b)  -> (artifact id: '4ed0ccf1cef47c299991e5951c58ff13') in 0.031296 seconds 
  Import took 0.035750 seconds .

========================================================================
Received Import Request.
  Time since last request: 210.858002 seconds.
  path: Assets/Yughues Free Palm Trees/All PalmTrees.prefab
  artifactKey: Guid(f8ab9dd2250673b4e9d566833e7eb461) Importer(815301076,1909f56bfc062723c751e8b465ee728b)
Start importing Assets/Yughues Free Palm Trees/All PalmTrees.prefab using Guid(f8ab9dd2250673b4e9d566833e7eb461) Importer(815301076,1909f56bfc062723c751e8b465ee728b)  -> (artifact id: '096ada4fe6448d36dea7be27d8f1fc31') in 0.008767 seconds 
  Import took 0.013629 seconds .

========================================================================
Received Import Request.
  Time since last request: 1.692757 seconds.
  path: Assets/Yughues Free Palm Trees/Prefabs
  artifactKey: Guid(10a0d15cf562646819e170c985ec0645) Importer(815301076,1909f56bfc062723c751e8b465ee728b)
Start importing Assets/Yughues Free Palm Trees/Prefabs using Guid(10a0d15cf562646819e170c985ec0645) Importer(815301076,1909f56bfc062723c751e8b465ee728b)  -> (artifact id: '96f08836ab658a95344eeca81691f5fe') in 0.003722 seconds 
  Import took 0.007141 seconds .

========================================================================
Received Import Request.
  Time since last request: 1.735337 seconds.
  path: Assets/Yughues Free Palm Trees/Prefabs/PalmTreeDualBendedOneSided.prefab
  artifactKey: Guid(38291ecd3571d294ead9e9d15c345a6d) Importer(815301076,1909f56bfc062723c751e8b465ee728b)
Start importing Assets/Yughues Free Palm Trees/Prefabs/PalmTreeDualBendedOneSided.prefab using Guid(38291ecd3571d294ead9e9d15c345a6d) Importer(815301076,1909f56bfc062723c751e8b465ee728b)  -> (artifact id: '841de25692769c9847b7e8a96847b077') in 0.782161 seconds 
  Import took 0.787438 seconds .

========================================================================
Received Import Request.
  Time since last request: 0.001604 seconds.
  path: Assets/Yughues Free Palm Trees/Prefabs/PalmTreeSingleStraightOneSided.prefab
  artifactKey: Guid(20ddc844cd25b244f8005cba06955856) Importer(815301076,1909f56bfc062723c751e8b465ee728b)
Start importing Assets/Yughues Free Palm Trees/Prefabs/PalmTreeSingleStraightOneSided.prefab using Guid(20ddc844cd25b244f8005cba06955856) Importer(815301076,1909f56bfc062723c751e8b465ee728b)  -> (artifact id: 'e409cb22e6e4333c9a43c391f9a55502') in 0.028082 seconds 
  Import took 0.032110 seconds .

========================================================================
Received Import Request.
  Time since last request: 0.000367 seconds.
  path: Assets/Yughues Free Palm Trees/Prefabs/PalmTreeSingleBendedTwoSided.prefab
  artifactKey: Guid(8d67c8074b567ec459905d65232f7154) Importer(815301076,1909f56bfc062723c751e8b465ee728b)
Start importing Assets/Yughues Free Palm Trees/Prefabs/PalmTreeSingleBendedTwoSided.prefab using Guid(8d67c8074b567ec459905d65232f7154) Importer(815301076,1909f56bfc062723c751e8b465ee728b)  -> (artifact id: 'd74fc8c27b6de58986c7ce71feaf7a72') in 0.027848 seconds 
  Import took 0.032823 seconds .

========================================================================
Received Import Request.
  Time since last request: 0.000273 seconds.
  path: Assets/Yughues Free Palm Trees/Prefabs/PalmTreeTrioTwoSided.prefab
  artifactKey: Guid(ecc2762d91d3584429565bde5fbede9e) Importer(815301076,1909f56bfc062723c751e8b465ee728b)
Start importing Assets/Yughues Free Palm Trees/Prefabs/PalmTreeTrioTwoSided.prefab using Guid(ecc2762d91d3584429565bde5fbede9e) Importer(815301076,1909f56bfc062723c751e8b465ee728b)  -> (artifact id: '9fae0ebc7f1fc130918d8329a621ad46') in 0.026821 seconds 
  Import took 0.030190 seconds .

========================================================================
Received Import Request.
  Time since last request: 0.000262 seconds.
  path: Assets/Yughues Free Palm Trees/Prefabs/PalmTreeSingleStraightTwoSided.prefab
  artifactKey: Guid(03566e50eb2d319468a8720030b6bcf6) Importer(815301076,1909f56bfc062723c751e8b465ee728b)
Start importing Assets/Yughues Free Palm Trees/Prefabs/PalmTreeSingleStraightTwoSided.prefab using Guid(03566e50eb2d319468a8720030b6bcf6) Importer(815301076,1909f56bfc062723c751e8b465ee728b)  -> (artifact id: 'e75e9438f244ea84f146521493eeaf0a') in 0.024536 seconds 
  Import took 0.028865 seconds .

========================================================================
Received Import Request.
  Time since last request: 0.000261 seconds.
  path: Assets/Yughues Free Palm Trees/Prefabs/PalmTreeDualBendedTwoSided.prefab
  artifactKey: Guid(785bfd81c9fb838469851c06eb415f7a) Importer(815301076,1909f56bfc062723c751e8b465ee728b)
Start importing Assets/Yughues Free Palm Trees/Prefabs/PalmTreeDualBendedTwoSided.prefab using Guid(785bfd81c9fb838469851c06eb415f7a) Importer(815301076,1909f56bfc062723c751e8b465ee728b)  -> (artifact id: '5b05a797c2132e45fbce3c678b2d79f0') in 0.027834 seconds 
  Import took 0.031513 seconds .

========================================================================
Received Import Request.
  Time since last request: 0.000308 seconds.
  path: Assets/Yughues Free Palm Trees/Prefabs/PalmTreeSingleBendedOneSided.prefab
  artifactKey: Guid(b22d7dcea44833b4ab41d64beb6e42c8) Importer(815301076,1909f56bfc062723c751e8b465ee728b)
Start importing Assets/Yughues Free Palm Trees/Prefabs/PalmTreeSingleBendedOneSided.prefab using Guid(b22d7dcea44833b4ab41d64beb6e42c8) Importer(815301076,1909f56bfc062723c751e8b465ee728b)  -> (artifact id: 'c8f3387c649e724047972b74d4edb477') in 0.028487 seconds 
  Import took 0.031814 seconds .

========================================================================
Received Import Request.
  Time since last request: 0.000259 seconds.
  path: Assets/Yughues Free Palm Trees/Prefabs/PalmTreeTrioOneSided.prefab
  artifactKey: Guid(2ed7cc7e3c944414d8f3fabb4d533018) Importer(815301076,1909f56bfc062723c751e8b465ee728b)
Start importing Assets/Yughues Free Palm Trees/Prefabs/PalmTreeTrioOneSided.prefab using Guid(2ed7cc7e3c944414d8f3fabb4d533018) Importer(815301076,1909f56bfc062723c751e8b465ee728b)  -> (artifact id: '399e1c47ab94bf4391da8336b76a3d70') in 0.027975 seconds 
  Import took 0.030996 seconds .

========================================================================
Received Import Request.
  Time since last request: 0.000277 seconds.
  path: Assets/Yughues Free Palm Trees/Prefabs/PalmTreeDualStraightTwoSided.prefab
  artifactKey: Guid(5e617e90ac28ce7488be6a63235b1f32) Importer(815301076,1909f56bfc062723c751e8b465ee728b)
Start importing Assets/Yughues Free Palm Trees/Prefabs/PalmTreeDualStraightTwoSided.prefab using Guid(5e617e90ac28ce7488be6a63235b1f32) Importer(815301076,1909f56bfc062723c751e8b465ee728b)  -> (artifact id: '6a00345dba0094291541ce0158ac0266') in 0.031154 seconds 
  Import took 0.034869 seconds .

========================================================================
Received Import Request.
  Time since last request: 0.000346 seconds.
  path: Assets/Yughues Free Palm Trees/Prefabs/PalmTreeDualStraightOneSided.prefab
  artifactKey: Guid(b9a200fc20bd2b54392b467e9411a431) Importer(815301076,1909f56bfc062723c751e8b465ee728b)
Start importing Assets/Yughues Free Palm Trees/Prefabs/PalmTreeDualStraightOneSided.prefab using Guid(b9a200fc20bd2b54392b467e9411a431) Importer(815301076,1909f56bfc062723c751e8b465ee728b)  -> (artifact id: '7c9eed7c8f5cf1e5717d81c01f02d0f2') in 0.028952 seconds 
  Import took 0.032377 seconds .

========================================================================
Received Import Request.
  Time since last request: 501.179533 seconds.
  path: Assets/MedievalCastlePackLite/TsunoaGames/MedievalCastlePack/Textures
  artifactKey: Guid(cb0be8544458ca94facd34a6e1be19e7) Importer(815301076,1909f56bfc062723c751e8b465ee728b)
Start importing Assets/MedievalCastlePackLite/TsunoaGames/MedievalCastlePack/Textures using Guid(cb0be8544458ca94facd34a6e1be19e7) Importer(815301076,1909f56bfc062723c751e8b465ee728b)  -> (artifact id: '0fdeaa926930211033207a30389a0cb0') in 0.001092 seconds 
  Import took 0.005266 seconds .

========================================================================
Received Import Request.
  Time since last request: 1.301814 seconds.
  path: Assets/MedievalCastlePackLite/TsunoaGames/MedievalCastlePack/Textures/atlas-1.png
  artifactKey: Guid(738a29680710d9d449451e4d13204c32) Importer(815301076,1909f56bfc062723c751e8b465ee728b)
Start importing Assets/MedievalCastlePackLite/TsunoaGames/MedievalCastlePack/Textures/atlas-1.png using Guid(738a29680710d9d449451e4d13204c32) Importer(815301076,1909f56bfc062723c751e8b465ee728b)  -> (artifact id: '25fb98c28d8dfb70836f05b5c556d47b') in 0.054889 seconds 
  Import took 0.059398 seconds .

========================================================================
Received Import Request.
  Time since last request: 6.318597 seconds.
  path: Assets/MedievalCastlePackLite/TsunoaGames/MedievalCastlePack/Towers/Materials
  artifactKey: Guid(a88e60bf960304a2f8e941e1b53cc10e) Importer(815301076,1909f56bfc062723c751e8b465ee728b)
Start importing Assets/MedievalCastlePackLite/TsunoaGames/MedievalCastlePack/Towers/Materials using Guid(a88e60bf960304a2f8e941e1b53cc10e) Importer(815301076,1909f56bfc062723c751e8b465ee728b)  -> (artifact id: 'b4cf53cb61100b4e3cd9f0aca8f02b9a') in 0.002414 seconds 
  Import took 0.006231 seconds .

========================================================================
Received Import Request.
  Time since last request: 1.309116 seconds.
  path: Assets/MedievalCastlePackLite/TsunoaGames/MedievalCastlePack/Towers/Materials/defaultMat.mat
  artifactKey: Guid(e8a0520a8cf6d414f9d86bc826cae371) Importer(815301076,1909f56bfc062723c751e8b465ee728b)
Start importing Assets/MedievalCastlePackLite/TsunoaGames/MedievalCastlePack/Towers/Materials/defaultMat.mat using Guid(e8a0520a8cf6d414f9d86bc826cae371) Importer(815301076,1909f56bfc062723c751e8b465ee728b)  -> (artifact id: 'aa12e2725b76c711d164105ffbf911e7') in 0.039246 seconds 
  Import took 0.043117 seconds .

========================================================================
Received Import Request.
  Time since last request: 18.946662 seconds.
  path: Assets/MedievalCastlePackLite/TsunoaGames/MedievalCastlePack/Props/Materials
  artifactKey: Guid(a9a04517a568c4d82adf0a34ee4f0548) Importer(815301076,1909f56bfc062723c751e8b465ee728b)
Start importing Assets/MedievalCastlePackLite/TsunoaGames/MedievalCastlePack/Props/Materials using Guid(a9a04517a568c4d82adf0a34ee4f0548) Importer(815301076,1909f56bfc062723c751e8b465ee728b)  -> (artifact id: 'ff25ce2d403989fc87f84c1cf7e0d85d') in 0.017501 seconds 
  Import took 0.021553 seconds .

========================================================================
Received Import Request.
  Time since last request: 0.000498 seconds.
  path: Assets/MedievalCastlePackLite/TsunoaGames/MedievalCastlePack/Props/Materials
  artifactKey: Guid(a9a04517a568c4d82adf0a34ee4f0548) Importer(815301076,1909f56bfc062723c751e8b465ee728b)
Start importing Assets/MedievalCastlePackLite/TsunoaGames/MedievalCastlePack/Props/Materials using Guid(a9a04517a568c4d82adf0a34ee4f0548) Importer(815301076,1909f56bfc062723c751e8b465ee728b)  -> (artifact id: 'ff25ce2d403989fc87f84c1cf7e0d85d') in 0.001609 seconds 
  Import took 0.005391 seconds .

========================================================================
Received Import Request.
  Time since last request: 1.273466 seconds.
  path: Assets/MedievalCastlePackLite/TsunoaGames/MedievalCastlePack/Props/Materials/defaultMat.mat
  artifactKey: Guid(f29f14e1e78db41bd8733dcaacb7e8fd) Importer(815301076,1909f56bfc062723c751e8b465ee728b)
Start importing Assets/MedievalCastlePackLite/TsunoaGames/MedievalCastlePack/Props/Materials/defaultMat.mat using Guid(f29f14e1e78db41bd8733dcaacb7e8fd) Importer(815301076,1909f56bfc062723c751e8b465ee728b)  -> (artifact id: '2ae3c53cf0091502621ab89a2ca64917') in 0.045345 seconds 
  Import took 0.048783 seconds .

========================================================================
Received Import Request.
  Time since last request: 124.138988 seconds.
  path: Assets/Door Color.mat
  artifactKey: Guid(d50bae013ab6d4ec395cf4f1e88acfac) Importer(815301076,1909f56bfc062723c751e8b465ee728b)
Start importing Assets/Door Color.mat using Guid(d50bae013ab6d4ec395cf4f1e88acfac) Importer(815301076,1909f56bfc062723c751e8b465ee728b)  -> (artifact id: '170e9c7dec58341f14a97b72c565e818') in 0.052172 seconds 
  Import took 0.056448 seconds .

========================================================================
Received Import Request.
  Time since last request: 386.507076 seconds.
  path: Assets/Door Color.mat
  artifactKey: Guid(d50bae013ab6d4ec395cf4f1e88acfac) Importer(815301076,1909f56bfc062723c751e8b465ee728b)
Start importing Assets/Door Color.mat using Guid(d50bae013ab6d4ec395cf4f1e88acfac) Importer(815301076,1909f56bfc062723c751e8b465ee728b)  -> (artifact id: '74addf4931db9936d77588c78f87f620') in 0.020040 seconds 
  Import took 0.025817 seconds .

========================================================================
Received Import Request.
  Time since last request: 140.136212 seconds.
  path: Assets/Yughues Free Palm Trees/Demo
  artifactKey: Guid(694c809e16f1848f39bab42dda53c1d9) Importer(815301076,1909f56bfc062723c751e8b465ee728b)
Start importing Assets/Yughues Free Palm Trees/Demo using Guid(694c809e16f1848f39bab42dda53c1d9) Importer(815301076,1909f56bfc062723c751e8b465ee728b)  -> (artifact id: '5dc7d3f2c6666a05d0a11447c98ec812') in 0.040728 seconds 
  Import took 0.043782 seconds .

========================================================================
Received Import Request.
  Time since last request: 2.049680 seconds.
  path: Assets/Yughues Free Palm Trees/Materials
  artifactKey: Guid(eeff9a16318a54f5cab7f9581ff6cd9a) Importer(815301076,1909f56bfc062723c751e8b465ee728b)
Start importing Assets/Yughues Free Palm Trees/Materials using Guid(eeff9a16318a54f5cab7f9581ff6cd9a) Importer(815301076,1909f56bfc062723c751e8b465ee728b)  -> (artifact id: 'a6325cd77200614a58fbc3f1ac895e5f') in 0.007680 seconds 
  Import took 0.010817 seconds .

========================================================================
Received Import Request.
  Time since last request: 877.310307 seconds.
  path: Assets/YughuesFreeBushes2018/Textures
  artifactKey: Guid(e987c5a936bf9e745b050a0f92b44f52) Importer(815301076,1909f56bfc062723c751e8b465ee728b)
Start importing Assets/YughuesFreeBushes2018/Textures using Guid(e987c5a936bf9e745b050a0f92b44f52) Importer(815301076,1909f56bfc062723c751e8b465ee728b)  -> (artifact id: '6a244dc152099f1c804e67a67388d137') in 0.002740 seconds 
  Import took 0.006081 seconds .

========================================================================
Received Import Request.
  Time since last request: 1.284879 seconds.
  path: Assets/YughuesFreeBushes2018/Textures/T_Bush01_ao.tga
  artifactKey: Guid(380b04d9a2f3007438f6937306ba8158) Importer(815301076,1909f56bfc062723c751e8b465ee728b)
Start importing Assets/YughuesFreeBushes2018/Textures/T_Bush01_ao.tga using Guid(380b04d9a2f3007438f6937306ba8158) Importer(815301076,1909f56bfc062723c751e8b465ee728b)  -> (artifact id: '7cc68c9f0039fd5759c6184dfe045b41') in 0.560140 seconds 
  Import took 0.565519 seconds .

========================================================================
Received Import Request.
  Time since last request: 0.000450 seconds.
  path: Assets/YughuesFreeBushes2018/Textures/T_Bush03_ao.tga
  artifactKey: Guid(30d2e3318757c534d90937e9c4b0a1d0) Importer(815301076,1909f56bfc062723c751e8b465ee728b)
Start importing Assets/YughuesFreeBushes2018/Textures/T_Bush03_ao.tga using Guid(30d2e3318757c534d90937e9c4b0a1d0) Importer(815301076,1909f56bfc062723c751e8b465ee728b)  -> (artifact id: '68a4064ba205530c1381beeee130cff7') in 0.013471 seconds 
  Import took 0.018709 seconds .

========================================================================
Received Import Request.
  Time since last request: 0.000276 seconds.
  path: Assets/YughuesFreeBushes2018/Textures/T_Bush03_s.tga
  artifactKey: Guid(4bfe9193652e18845a23e04c93712e9e) Importer(815301076,1909f56bfc062723c751e8b465ee728b)
Start importing Assets/YughuesFreeBushes2018/Textures/T_Bush03_s.tga using Guid(4bfe9193652e18845a23e04c93712e9e) Importer(815301076,1909f56bfc062723c751e8b465ee728b)  -> (artifact id: '8f40847c30cc92fb31be21b9564f0b19') in 0.013759 seconds 
  Import took 0.019206 seconds .

========================================================================
Received Import Request.
  Time since last request: 0.000436 seconds.
  path: Assets/YughuesFreeBushes2018/Textures/T_Bush05_ao.tga
  artifactKey: Guid(0d0dc078d5df69540bf846e62e1e490b) Importer(815301076,1909f56bfc062723c751e8b465ee728b)
Start importing Assets/YughuesFreeBushes2018/Textures/T_Bush05_ao.tga using Guid(0d0dc078d5df69540bf846e62e1e490b) Importer(815301076,1909f56bfc062723c751e8b465ee728b)  -> (artifact id: '0592d27ea16c494dc7b9d2a9c02aebb2') in 0.012984 seconds 
  Import took 0.019017 seconds .

========================================================================
Received Import Request.
  Time since last request: 0.000293 seconds.
  path: Assets/YughuesFreeBushes2018/Textures/T_Bush04_d.tga
  artifactKey: Guid(c9a41128f14763d4eab561ef48c769b4) Importer(815301076,1909f56bfc062723c751e8b465ee728b)
Start importing Assets/YughuesFreeBushes2018/Textures/T_Bush04_d.tga using Guid(c9a41128f14763d4eab561ef48c769b4) Importer(815301076,1909f56bfc062723c751e8b465ee728b)  -> (artifact id: 'e7f9b465e93baf682d3fc31c16d43d1e') in 0.039994 seconds 
  Import took 0.043398 seconds .

========================================================================
Received Import Request.
  Time since last request: 0.000264 seconds.
  path: Assets/YughuesFreeBushes2018/Textures/T_Bush03_d.tga
  artifactKey: Guid(41a43a35ca2c3cf42867fe4f2326da33) Importer(815301076,1909f56bfc062723c751e8b465ee728b)
Start importing Assets/YughuesFreeBushes2018/Textures/T_Bush03_d.tga using Guid(41a43a35ca2c3cf42867fe4f2326da33) Importer(815301076,1909f56bfc062723c751e8b465ee728b)  -> (artifact id: '6994e8d8ec2cb4842b30c918b2eb90de') in 0.012802 seconds 
  Import took 0.016809 seconds .

========================================================================
Received Import Request.
  Time since last request: 0.000476 seconds.
  path: Assets/YughuesFreeBushes2018/Textures/T_Bush01_s.tga
  artifactKey: Guid(01ac228eec7ceda4ba0395dea3410cef) Importer(815301076,1909f56bfc062723c751e8b465ee728b)
Start importing Assets/YughuesFreeBushes2018/Textures/T_Bush01_s.tga using Guid(01ac228eec7ceda4ba0395dea3410cef) Importer(815301076,1909f56bfc062723c751e8b465ee728b)  -> (artifact id: 'a003772b1faebc145fc507cf2fe0039a') in 0.010508 seconds 
  Import took 0.013477 seconds .

========================================================================
Received Import Request.
  Time since last request: 0.000255 seconds.
  path: Assets/YughuesFreeBushes2018/Textures/T_Bush05_n.tga
  artifactKey: Guid(f806c4f41a3a09e41a05d701470cc59d) Importer(815301076,1909f56bfc062723c751e8b465ee728b)
Start importing Assets/YughuesFreeBushes2018/Textures/T_Bush05_n.tga using Guid(f806c4f41a3a09e41a05d701470cc59d) Importer(815301076,1909f56bfc062723c751e8b465ee728b)  -> (artifact id: '7cb558293a7ba70db00e3f660bb30553') in 0.079788 seconds 
  Import took 0.083027 seconds .

========================================================================
Received Import Request.
  Time since last request: 0.000919 seconds.
  path: Assets/YughuesFreeBushes2018/Textures/T_Bush05_d.tga
  artifactKey: Guid(e5e8c327df51a9d4f90c9c4feba738cf) Importer(815301076,1909f56bfc062723c751e8b465ee728b)
Start importing Assets/YughuesFreeBushes2018/Textures/T_Bush05_d.tga using Guid(e5e8c327df51a9d4f90c9c4feba738cf) Importer(815301076,1909f56bfc062723c751e8b465ee728b)  -> (artifact id: 'bb59c1c595b0a7e85e0e2b0a9f36bb38') in 0.013659 seconds 
  Import took 0.017567 seconds .

========================================================================
Received Import Request.
  Time since last request: 0.000328 seconds.
  path: Assets/YughuesFreeBushes2018/Textures/T_Bush01_ao.tga
  artifactKey: Guid(380b04d9a2f3007438f6937306ba8158) Importer(815301076,1909f56bfc062723c751e8b465ee728b)
Start importing Assets/YughuesFreeBushes2018/Textures/T_Bush01_ao.tga using Guid(380b04d9a2f3007438f6937306ba8158) Importer(815301076,1909f56bfc062723c751e8b465ee728b)  -> (artifact id: '7cc68c9f0039fd5759c6184dfe045b41') in 0.014384 seconds 
  Import took 0.019519 seconds .

========================================================================
Received Import Request.
  Time since last request: 0.000392 seconds.
  path: Assets/YughuesFreeBushes2018/Textures/T_Bush02_n.tga
  artifactKey: Guid(11821533c3f1535419549afbeccb9bff) Importer(815301076,1909f56bfc062723c751e8b465ee728b)
Start importing Assets/YughuesFreeBushes2018/Textures/T_Bush02_n.tga using Guid(11821533c3f1535419549afbeccb9bff) Importer(815301076,1909f56bfc062723c751e8b465ee728b)  -> (artifact id: '273ebb0efa87537d89cc4f3ba367a175') in 0.016633 seconds 
  Import took 0.024247 seconds .

========================================================================
Received Import Request.
  Time since last request: 0.000298 seconds.
  path: Assets/YughuesFreeBushes2018/Textures/T_Bush01_n.tga
  artifactKey: Guid(2f1e681c00689bf429eece67c03d8635) Importer(815301076,1909f56bfc062723c751e8b465ee728b)
Start importing Assets/YughuesFreeBushes2018/Textures/T_Bush01_n.tga using Guid(2f1e681c00689bf429eece67c03d8635) Importer(815301076,1909f56bfc062723c751e8b465ee728b)  -> (artifact id: '72c3332981023295451ff067e8748c68') in 0.011925 seconds 
  Import took 0.015463 seconds .

========================================================================
Received Import Request.
  Time since last request: 0.000692 seconds.
  path: Assets/YughuesFreeBushes2018/Textures/T_Bush01_d.tga
  artifactKey: Guid(94db8a6f822aa8245ae0a58f78870c2c) Importer(815301076,1909f56bfc062723c751e8b465ee728b)
Start importing Assets/YughuesFreeBushes2018/Textures/T_Bush01_d.tga using Guid(94db8a6f822aa8245ae0a58f78870c2c) Importer(815301076,1909f56bfc062723c751e8b465ee728b)  -> (artifact id: '52fcc2284b2f7a77688e3d0c6ef4aeed') in 0.013144 seconds 
  Import took 0.017091 seconds .

========================================================================
Received Import Request.
  Time since last request: 0.000271 seconds.
  path: Assets/YughuesFreeBushes2018/Textures/T_Bush04_ao.tga
  artifactKey: Guid(5b92c84bc0de36e4aae4b22d552d92b3) Importer(815301076,1909f56bfc062723c751e8b465ee728b)
Start importing Assets/YughuesFreeBushes2018/Textures/T_Bush04_ao.tga using Guid(5b92c84bc0de36e4aae4b22d552d92b3) Importer(815301076,1909f56bfc062723c751e8b465ee728b)  -> (artifact id: '9ee53aabc5c9428daa4903e9c161b2e4') in 0.011968 seconds 
  Import took 0.015309 seconds .

========================================================================
Received Import Request.
  Time since last request: 0.000284 seconds.
  path: Assets/YughuesFreeBushes2018/Textures/T_Bush04_n.tga
  artifactKey: Guid(fd90dc93bb966f343bcf6302c2c8c0b5) Importer(815301076,1909f56bfc062723c751e8b465ee728b)
Start importing Assets/YughuesFreeBushes2018/Textures/T_Bush04_n.tga using Guid(fd90dc93bb966f343bcf6302c2c8c0b5) Importer(815301076,1909f56bfc062723c751e8b465ee728b)  -> (artifact id: '9042c7bd68a680be66c67a29f8b53a84') in 0.013362 seconds 
  Import took 0.016378 seconds .

========================================================================
Received Import Request.
  Time since last request: 0.000372 seconds.
  path: Assets/YughuesFreeBushes2018/Textures/T_Bush02_d.tga
  artifactKey: Guid(a3d9e13b4dee92740878a1675d480442) Importer(815301076,1909f56bfc062723c751e8b465ee728b)
Start importing Assets/YughuesFreeBushes2018/Textures/T_Bush02_d.tga using Guid(a3d9e13b4dee92740878a1675d480442) Importer(815301076,1909f56bfc062723c751e8b465ee728b)  -> (artifact id: '7f3c5a6b1e2cb052223f1e67d218e899') in 0.017638 seconds 
  Import took 0.021902 seconds .

========================================================================
Received Import Request.
  Time since last request: 0.000312 seconds.
  path: Assets/YughuesFreeBushes2018/Textures/T_Bush02_s.tga
  artifactKey: Guid(407d2b8d0747a274c83fefc085e4d37c) Importer(815301076,1909f56bfc062723c751e8b465ee728b)
Start importing Assets/YughuesFreeBushes2018/Textures/T_Bush02_s.tga using Guid(407d2b8d0747a274c83fefc085e4d37c) Importer(815301076,1909f56bfc062723c751e8b465ee728b)  -> (artifact id: '502703d4c1e044bfa1e9600b8b04a686') in 0.011005 seconds 
  Import took 0.014548 seconds .

========================================================================
Received Import Request.
  Time since last request: 0.000258 seconds.
  path: Assets/YughuesFreeBushes2018/Textures/T_Bush02_ao.tga
  artifactKey: Guid(8c02304d46c7bb64a9176fef074b31f2) Importer(815301076,1909f56bfc062723c751e8b465ee728b)
Start importing Assets/YughuesFreeBushes2018/Textures/T_Bush02_ao.tga using Guid(8c02304d46c7bb64a9176fef074b31f2) Importer(815301076,1909f56bfc062723c751e8b465ee728b)  -> (artifact id: 'b691a3f54a6a55501957af9e5c9b2193') in 0.012952 seconds 
  Import took 0.015871 seconds .

========================================================================
Received Import Request.
  Time since last request: 0.000442 seconds.
  path: Assets/YughuesFreeBushes2018/Textures/T_Bush05_s.tga
  artifactKey: Guid(aa68df921e660f847a4213639930a582) Importer(815301076,1909f56bfc062723c751e8b465ee728b)
Start importing Assets/YughuesFreeBushes2018/Textures/T_Bush05_s.tga using Guid(aa68df921e660f847a4213639930a582) Importer(815301076,1909f56bfc062723c751e8b465ee728b)  -> (artifact id: '6833b0d460ac9d6f0b2f606c21e7bc64') in 0.012335 seconds 
  Import took 0.015381 seconds .

========================================================================
Received Import Request.
  Time since last request: 0.000263 seconds.
  path: Assets/YughuesFreeBushes2018/Textures/T_Bush03_n.tga
  artifactKey: Guid(13a3162fb7a76b241be49f1756129239) Importer(815301076,1909f56bfc062723c751e8b465ee728b)
Start importing Assets/YughuesFreeBushes2018/Textures/T_Bush03_n.tga using Guid(13a3162fb7a76b241be49f1756129239) Importer(815301076,1909f56bfc062723c751e8b465ee728b)  -> (artifact id: 'fe9ad92d4a40ad262862a10569300b28') in 0.014135 seconds 
  Import took 0.018919 seconds .

========================================================================
Received Import Request.
  Time since last request: 0.000256 seconds.
  path: Assets/YughuesFreeBushes2018/Textures/T_Bush04_s.tga
  artifactKey: Guid(81fb6e33f8cbc064f9e22867c598783b) Importer(815301076,1909f56bfc062723c751e8b465ee728b)
Start importing Assets/YughuesFreeBushes2018/Textures/T_Bush04_s.tga using Guid(81fb6e33f8cbc064f9e22867c598783b) Importer(815301076,1909f56bfc062723c751e8b465ee728b)  -> (artifact id: '6545b40a397df906302768830ebfcc5f') in 0.011343 seconds 
  Import took 0.014893 seconds .

========================================================================
Received Import Request.
  Time since last request: 0.568015 seconds.
  path: Assets/YughuesFreeBushes2018/Textures/T_Bush04_ao.tga
  artifactKey: Guid(5b92c84bc0de36e4aae4b22d552d92b3) Importer(815301076,1909f56bfc062723c751e8b465ee728b)
Start importing Assets/YughuesFreeBushes2018/Textures/T_Bush04_ao.tga using Guid(5b92c84bc0de36e4aae4b22d552d92b3) Importer(815301076,1909f56bfc062723c751e8b465ee728b)  -> (artifact id: '9ee53aabc5c9428daa4903e9c161b2e4') in 0.012737 seconds 
  Import took 0.016830 seconds .

========================================================================
Received Import Request.
  Time since last request: 10.544831 seconds.
  path: Assets/YughuesFreeBushes2018/Materials
  artifactKey: Guid(86e6a9cb9d7b8444b8357c87daa518a9) Importer(815301076,1909f56bfc062723c751e8b465ee728b)
Start importing Assets/YughuesFreeBushes2018/Materials using Guid(86e6a9cb9d7b8444b8357c87daa518a9) Importer(815301076,1909f56bfc062723c751e8b465ee728b)  -> (artifact id: 'fcbdcbf3a2dc3ca834f190c39bc72817') in 0.002270 seconds 
  Import took 0.005427 seconds .

========================================================================
Received Import Request.
  Time since last request: 0.206028 seconds.
  path: Assets/YughuesFreeBushes2018/Materials/M_Bush01.mat
  artifactKey: Guid(3bae03ff15e9f0749abaf52aaf5d1bff) Importer(815301076,1909f56bfc062723c751e8b465ee728b)
Start importing Assets/YughuesFreeBushes2018/Materials/M_Bush01.mat using Guid(3bae03ff15e9f0749abaf52aaf5d1bff) Importer(815301076,1909f56bfc062723c751e8b465ee728b)  -> (artifact id: '8caea501c6051fc9ca1bab1f943074b2') in 0.020874 seconds 
  Import took 0.024646 seconds .

========================================================================
Received Import Request.
  Time since last request: 0.000755 seconds.
  path: Assets/YughuesFreeBushes2018/Materials/M_Bush02.mat
  artifactKey: Guid(df6c952ce6b06b649866e65546e9bb38) Importer(815301076,1909f56bfc062723c751e8b465ee728b)
Start importing Assets/YughuesFreeBushes2018/Materials/M_Bush02.mat using Guid(df6c952ce6b06b649866e65546e9bb38) Importer(815301076,1909f56bfc062723c751e8b465ee728b)  -> (artifact id: 'a12752d0d649cd0a80a2094a8ac78283') in 0.017410 seconds 
  Import took 0.021717 seconds .

========================================================================
Received Import Request.
  Time since last request: 0.000267 seconds.
  path: Assets/YughuesFreeBushes2018/Materials/M_Bush05.mat
  artifactKey: Guid(539e6efd36fe10a4682b450875379c55) Importer(815301076,1909f56bfc062723c751e8b465ee728b)
Start importing Assets/YughuesFreeBushes2018/Materials/M_Bush05.mat using Guid(539e6efd36fe10a4682b450875379c55) Importer(815301076,1909f56bfc062723c751e8b465ee728b)  -> (artifact id: 'be5196dc799a3bc3d257f946fe00e48a') in 0.018979 seconds 
  Import took 0.022348 seconds .

========================================================================
Received Import Request.
  Time since last request: 0.000339 seconds.
  path: Assets/YughuesFreeBushes2018/Materials/M_Bush03.mat
  artifactKey: Guid(cefe5e02e8418a04d927f43107b3558f) Importer(815301076,1909f56bfc062723c751e8b465ee728b)
Start importing Assets/YughuesFreeBushes2018/Materials/M_Bush03.mat using Guid(cefe5e02e8418a04d927f43107b3558f) Importer(815301076,1909f56bfc062723c751e8b465ee728b)  -> (artifact id: '0afe27143a1bdeee3ab9cebc75cfb719') in 0.020680 seconds 
  Import took 0.023892 seconds .

========================================================================
Received Import Request.
  Time since last request: 0.000251 seconds.
  path: Assets/YughuesFreeBushes2018/Materials/M_Bush04.mat
  artifactKey: Guid(8c8101c25cb4f824c8b8334e85e32af9) Importer(815301076,1909f56bfc062723c751e8b465ee728b)
Start importing Assets/YughuesFreeBushes2018/Materials/M_Bush04.mat using Guid(8c8101c25cb4f824c8b8334e85e32af9) Importer(815301076,1909f56bfc062723c751e8b465ee728b)  -> (artifact id: '8cfbf8d95f08c45fc9f9ee10753633e8') in 0.017231 seconds 
  Import took 0.022634 seconds .

========================================================================
Received Import Request.
  Time since last request: 4.784783 seconds.
  path: Assets/YughuesFreeBushes2018/demo
  artifactKey: Guid(bc3a295d5883faf4bb2bbd785f5812fc) Importer(815301076,1909f56bfc062723c751e8b465ee728b)
Start importing Assets/YughuesFreeBushes2018/demo using Guid(bc3a295d5883faf4bb2bbd785f5812fc) Importer(815301076,1909f56bfc062723c751e8b465ee728b)  -> (artifact id: 'd9b0703b07f97fd2faedcad4e8c5ed11') in 0.002847 seconds 
  Import took 0.006167 seconds .

========================================================================
Received Import Request.
  Time since last request: 1.301464 seconds.
  path: Assets/YughuesFreeBushes2018/demo/Ground.mat
  artifactKey: Guid(f8876f267f58e364e80b81cd9bcf4c64) Importer(815301076,1909f56bfc062723c751e8b465ee728b)
Start importing Assets/YughuesFreeBushes2018/demo/Ground.mat using Guid(f8876f267f58e364e80b81cd9bcf4c64) Importer(815301076,1909f56bfc062723c751e8b465ee728b)  -> (artifact id: 'c35103efa97d515b69b13d7c1b886b47') in 0.815313 seconds 
  Import took 0.818719 seconds .

